2021-04-08 17:59:34.1631 | Info | Correct saved map graph in file: /home/ukasz09/Documents/OneDrive/Uczelnia/Semestr_VI/SI-L/2/graph-coloring-ui/graph.json |  
2021-04-08 18:00:30.7341 | Info | Correct saved map graph in file: /home/ukasz09/Documents/OneDrive/Uczelnia/Semestr_VI/SI-L/2/graph-coloring-ui/graph.json |  
2021-04-08 18:16:24.8675 | Info | Correct saved map graph in file: /home/ukasz09/Documents/OneDrive/Uczelnia/Semestr_VI/SI-L/2/graph-coloring-ui/graph.json |  
2021-04-08 18:16:34.8504 | Info | Correct saved map graph in file: /home/ukasz09/Documents/OneDrive/Uczelnia/Semestr_VI/SI-L/2/graph-coloring-ui/graph.json |  
2021-04-08 18:22:18.7725 | Info | Correct saved map graph in file: /home/ukasz09/Documents/OneDrive/Uczelnia/Semestr_VI/SI-L/2/graph-coloring-ui/graph.json |  
2021-04-08 18:22:22.6826 | Info | Correct saved map graph in file: /home/ukasz09/Documents/OneDrive/Uczelnia/Semestr_VI/SI-L/2/graph-coloring-ui/graph.json |  
2021-04-08 19:02:55.9467 | Info | Correct saved map graph in file: /home/ukasz09/Documents/OneDrive/Uczelnia/Semestr_VI/SI-L/2/graph-coloring-ui/graph.json |  
2021-04-08 19:03:00.7865 | Info | Correct saved map graph in file: /home/ukasz09/Documents/OneDrive/Uczelnia/Semestr_VI/SI-L/2/graph-coloring-ui/graph.json |  
2021-04-08 19:03:11.4018 | Info | Correct saved map graph in file: /home/ukasz09/Documents/OneDrive/Uczelnia/Semestr_VI/SI-L/2/graph-coloring-ui/graph.json |  
2021-04-08 19:18:16.4583 | Info | Correct saved map graph in file: /home/ukasz09/Documents/OneDrive/Uczelnia/Semestr_VI/SI-L/2/graph-coloring-ui/graph.json |  
2021-04-08 19:18:29.0770 | Info | Correct saved map graph in file: /home/ukasz09/Documents/OneDrive/Uczelnia/Semestr_VI/SI-L/2/graph-coloring-ui/graph.json |  
2021-04-08 19:18:33.0232 | Info | Correct saved map graph in file: /home/ukasz09/Documents/OneDrive/Uczelnia/Semestr_VI/SI-L/2/graph-coloring-ui/graph.json |  
2021-04-08 19:25:06.8865 | Info | Correct saved map graph in file: /home/ukasz09/Documents/OneDrive/Uczelnia/Semestr_VI/SI-L/2/graph-coloring-ui/graph.json |  
2021-04-08 19:25:11.7866 | Info | Correct saved map graph in file: /home/ukasz09/Documents/OneDrive/Uczelnia/Semestr_VI/SI-L/2/graph-coloring-ui/graph.json |  
2021-04-08 19:25:16.0755 | Info | Correct saved map graph in file: /home/ukasz09/Documents/OneDrive/Uczelnia/Semestr_VI/SI-L/2/graph-coloring-ui/graph.json |  
2021-04-08 19:25:20.4151 | Info | Correct saved map graph in file: /home/ukasz09/Documents/OneDrive/Uczelnia/Semestr_VI/SI-L/2/graph-coloring-ui/graph.json |  
2021-04-08 19:30:55.3128 | Info | Correct saved map graph in file: /home/ukasz09/Documents/OneDrive/Uczelnia/Semestr_VI/SI-L/2/graph-coloring-ui/graph.json |  
2021-04-08 19:35:37.9824 | Info | Correct saved map graph in file: /home/ukasz09/Documents/OneDrive/Uczelnia/Semestr_VI/SI-L/2/graph-coloring-ui/graph.json |  
2021-04-08 19:35:59.9097 | Info | Correct saved map graph in file: /home/ukasz09/Documents/OneDrive/Uczelnia/Semestr_VI/SI-L/2/graph-coloring-ui/graph.json |  
2021-04-08 19:36:19.5328 | Info | Correct saved map graph in file: /home/ukasz09/Documents/OneDrive/Uczelnia/Semestr_VI/SI-L/2/graph-coloring-ui/graph.json |  
2021-04-08 19:36:28.4049 | Info | Correct saved map graph in file: /home/ukasz09/Documents/OneDrive/Uczelnia/Semestr_VI/SI-L/2/graph-coloring-ui/graph.json |  
2021-04-08 19:36:33.1138 | Info | Correct saved map graph in file: /home/ukasz09/Documents/OneDrive/Uczelnia/Semestr_VI/SI-L/2/graph-coloring-ui/graph.json |  
2021-04-08 19:36:38.3007 | Info | Correct saved map graph in file: /home/ukasz09/Documents/OneDrive/Uczelnia/Semestr_VI/SI-L/2/graph-coloring-ui/graph.json |  
2021-04-08 19:36:54.3849 | Info | Correct saved map graph in file: /home/ukasz09/Documents/OneDrive/Uczelnia/Semestr_VI/SI-L/2/graph-coloring-ui/graph.json |  
2021-04-08 19:36:58.0320 | Info | Correct saved map graph in file: /home/ukasz09/Documents/OneDrive/Uczelnia/Semestr_VI/SI-L/2/graph-coloring-ui/graph.json |  
2021-04-08 19:37:04.3280 | Info | Correct saved map graph in file: /home/ukasz09/Documents/OneDrive/Uczelnia/Semestr_VI/SI-L/2/graph-coloring-ui/graph.json |  
2021-04-08 19:37:17.7362 | Info | Correct saved map graph in file: /home/ukasz09/Documents/OneDrive/Uczelnia/Semestr_VI/SI-L/2/graph-coloring-ui/graph.json |  
2021-04-08 19:37:37.6026 | Info | Correct saved map graph in file: /home/ukasz09/Documents/OneDrive/Uczelnia/Semestr_VI/SI-L/2/graph-coloring-ui/graph.json |  
2021-04-08 19:37:45.0395 | Info | Correct saved map graph in file: /home/ukasz09/Documents/OneDrive/Uczelnia/Semestr_VI/SI-L/2/graph-coloring-ui/graph.json |  
2021-04-08 19:37:51.6363 | Info | Correct saved map graph in file: /home/ukasz09/Documents/OneDrive/Uczelnia/Semestr_VI/SI-L/2/graph-coloring-ui/graph.json |  
2021-04-08 19:38:36.2382 | Info | Correct saved map graph in file: /home/ukasz09/Documents/OneDrive/Uczelnia/Semestr_VI/SI-L/2/graph-coloring-ui/graph.json |  
2021-04-08 19:38:50.6206 | Info | Correct saved map graph in file: /home/ukasz09/Documents/OneDrive/Uczelnia/Semestr_VI/SI-L/2/graph-coloring-ui/graph.json |  
2021-04-08 19:38:59.7883 | Info | Correct saved map graph in file: /home/ukasz09/Documents/OneDrive/Uczelnia/Semestr_VI/SI-L/2/graph-coloring-ui/graph.json |  
2021-04-08 19:39:35.0134 | Info | Correct saved map graph in file: /home/ukasz09/Documents/OneDrive/Uczelnia/Semestr_VI/SI-L/2/graph-coloring-ui/graph.json |  
2021-04-08 19:39:42.8671 | Info | Correct saved map graph in file: /home/ukasz09/Documents/OneDrive/Uczelnia/Semestr_VI/SI-L/2/graph-coloring-ui/graph.json |  
2021-04-08 19:39:53.6068 | Info | Correct saved map graph in file: /home/ukasz09/Documents/OneDrive/Uczelnia/Semestr_VI/SI-L/2/graph-coloring-ui/graph.json |  
2021-04-08 19:40:00.6803 | Info | Correct saved map graph in file: /home/ukasz09/Documents/OneDrive/Uczelnia/Semestr_VI/SI-L/2/graph-coloring-ui/graph.json |  
2021-04-11 09:47:01.6216 | Info | Correct saved map graph in file: /home/ukasz09/Documents/OneDrive/Uczelnia/Semestr_VI/SI-L/2/graph-coloring-ui/graph.json |  
2021-04-11 09:47:01.6659 | Info | --------------------------------- |  
2021-04-11 09:47:01.6659 | Info | Found solution: System.String[] |  
2021-04-11 09:47:01.6659 | Info | Search time: 0 |  
2021-04-11 09:47:01.6659 | Info | Correct saved solution in file: /home/ukasz09/Documents/OneDrive/Uczelnia/Semestr_VI/SI-L/2/graph-coloring-ui/solutions.json |  
2021-04-11 09:47:42.0004 | Info | Correct saved map graph in file: /home/ukasz09/Documents/OneDrive/Uczelnia/Semestr_VI/SI-L/2/graph-coloring-ui/graph.json |  
2021-04-11 09:47:42.0747 | Info | --------------------------------- |  
2021-04-11 09:47:42.0747 | Info | Found solution: red,red,blue,blue,green,red |  
2021-04-11 09:47:42.0747 | Info | Search time: 0 |  
2021-04-11 09:47:42.0747 | Info | Correct saved solution in file: /home/ukasz09/Documents/OneDrive/Uczelnia/Semestr_VI/SI-L/2/graph-coloring-ui/solutions.json |  
2021-04-11 09:48:08.9675 | Info | Correct saved map graph in file: /home/ukasz09/Documents/OneDrive/Uczelnia/Semestr_VI/SI-L/2/graph-coloring-ui/graph.json |  
2021-04-11 09:48:09.0051 | Info | --------------------------------- |  
2021-04-11 09:48:09.0051 | Info | Found solution: red,red,blue,green,pink,red |  
2021-04-11 09:48:09.0051 | Info | Search time: 0 |  
2021-04-11 09:48:09.0051 | Info | Correct saved solution in file: /home/ukasz09/Documents/OneDrive/Uczelnia/Semestr_VI/SI-L/2/graph-coloring-ui/solutions.json |  
2021-04-11 09:48:33.5606 | Info | Correct saved map graph in file: /home/ukasz09/Documents/OneDrive/Uczelnia/Semestr_VI/SI-L/2/graph-coloring-ui/graph.json |  
2021-04-11 09:48:33.6084 | Info | --------------------------------- |  
2021-04-11 09:48:33.6084 | Info | Found solution: red,blue,green,red,pink,red |  
2021-04-11 09:48:33.6084 | Info | Search time: 0 |  
2021-04-11 09:48:33.6084 | Info | Correct saved solution in file: /home/ukasz09/Documents/OneDrive/Uczelnia/Semestr_VI/SI-L/2/graph-coloring-ui/solutions.json |  
2021-04-11 09:48:38.4844 | Info | Correct saved map graph in file: /home/ukasz09/Documents/OneDrive/Uczelnia/Semestr_VI/SI-L/2/graph-coloring-ui/graph.json |  
2021-04-11 09:48:38.5224 | Info | --------------------------------- |  
2021-04-11 09:48:38.5224 | Info | Found solution: red,blue,green,pink,green,red |  
2021-04-11 09:48:38.5224 | Info | Search time: 0 |  
2021-04-11 09:48:38.5224 | Info | Correct saved solution in file: /home/ukasz09/Documents/OneDrive/Uczelnia/Semestr_VI/SI-L/2/graph-coloring-ui/solutions.json |  
2021-04-11 09:49:06.2604 | Info | Correct saved map graph in file: /home/ukasz09/Documents/OneDrive/Uczelnia/Semestr_VI/SI-L/2/graph-coloring-ui/graph.json |  
2021-04-11 09:49:06.3218 | Debug | System.Collections.Generic.Dictionary`2[System.String,System.String] |  
2021-04-11 09:49:06.3272 | Info | --------------------------------- |  
2021-04-11 09:49:06.3272 | Info | Found solution: red,red,blue,blue,green,red |  
2021-04-11 09:49:06.3272 | Info | Search time: 0 |  
2021-04-11 09:49:06.3272 | Info | Correct saved solution in file: /home/ukasz09/Documents/OneDrive/Uczelnia/Semestr_VI/SI-L/2/graph-coloring-ui/solutions.json |  
2021-04-11 09:50:16.8324 | Info | Correct saved map graph in file: /home/ukasz09/Documents/OneDrive/Uczelnia/Semestr_VI/SI-L/2/graph-coloring-ui/graph.json |  
2021-04-11 09:50:16.8826 | Debug | [14,3]: red,[4,1]: blue,[14,7]: blue,[9,19]: red,[9,6]: green,[0,16]: red |  
2021-04-11 09:50:16.8826 | Info | --------------------------------- |  
2021-04-11 09:50:16.8826 | Info | Found solution: red,blue,blue,red,green,red |  
2021-04-11 09:50:16.8826 | Info | Search time: 0 |  
2021-04-11 09:50:16.8841 | Info | Correct saved solution in file: /home/ukasz09/Documents/OneDrive/Uczelnia/Semestr_VI/SI-L/2/graph-coloring-ui/solutions.json |  
2021-04-11 09:50:26.5941 | Info | Correct saved map graph in file: /home/ukasz09/Documents/OneDrive/Uczelnia/Semestr_VI/SI-L/2/graph-coloring-ui/graph.json |  
2021-04-11 09:50:26.6327 | Debug | [1,0]: red,[10,18]: blue,[8,7]: blue,[5,1]: green,[7,10]: green,[10,14]: red |  
2021-04-11 09:50:26.6327 | Info | --------------------------------- |  
2021-04-11 09:50:26.6327 | Info | Found solution: red,blue,blue,green,green,red |  
2021-04-11 09:50:26.6327 | Info | Search time: 0 |  
2021-04-11 09:50:26.6327 | Info | Correct saved solution in file: /home/ukasz09/Documents/OneDrive/Uczelnia/Semestr_VI/SI-L/2/graph-coloring-ui/solutions.json |  
2021-04-11 09:51:00.2910 | Info | Correct saved map graph in file: /home/ukasz09/Documents/OneDrive/Uczelnia/Semestr_VI/SI-L/2/graph-coloring-ui/graph.json |  
2021-04-11 09:51:00.3426 | Debug | [0,18]: red,[9,9]: blue,[12,18]: green,[15,4]: red,[17,13]: pink,[7,5]: red |  
2021-04-11 09:51:00.3426 | Info | --------------------------------- |  
2021-04-11 09:51:00.3426 | Info | Found solution: red,blue,green,red,pink,red |  
2021-04-11 09:51:00.3426 | Info | Search time: 0 |  
2021-04-11 09:51:00.3444 | Info | Correct saved solution in file: /home/ukasz09/Documents/OneDrive/Uczelnia/Semestr_VI/SI-L/2/graph-coloring-ui/solutions.json |  
2021-04-11 10:06:52.6732 | Info | Correct saved map graph in file: /home/ukasz09/Documents/OneDrive/Uczelnia/Semestr_VI/SI-L/2/graph-coloring-ui/graph.json |  
2021-04-11 10:06:52.7604 | Info | --------------------------------- |  
2021-04-11 10:06:52.7604 | Info | Found solution: [3,10]: red,[12,15]: blue,[8,0]: red,[12,7]: green,[3,9]: pink,[0,16]: red |  
2021-04-11 10:06:52.7604 | Info | Search time: 0 |  
2021-04-11 10:06:52.7604 | Info | Correct saved solution in file: /home/ukasz09/Documents/OneDrive/Uczelnia/Semestr_VI/SI-L/2/graph-coloring-ui/solutions.json |  
2021-04-11 10:11:11.2488 | Info | Correct saved map graph in file: /home/ukasz09/Documents/OneDrive/Uczelnia/Semestr_VI/SI-L/2/graph-coloring-ui/graph.json |  
2021-04-11 10:11:11.3016 | Info | --------------------------------- |  
2021-04-11 10:11:11.3016 | Info | Found solution: [13,19]: red,[8,2]: red,[2,10]: blue,[15,15]: green,[2,17]: pink,[3,3]: red |  
2021-04-11 10:11:11.3016 | Info | Search time: 0 |  
2021-04-11 10:11:11.3045 | Info | Correct saved solution in file: /home/ukasz09/Documents/OneDrive/Uczelnia/Semestr_VI/SI-L/2/graph-coloring-ui/solution.json |  
2021-04-11 10:14:31.3660 | Info | Correct saved map graph in file: /home/ukasz09/Documents/OneDrive/Uczelnia/Semestr_VI/SI-L/2/graph-coloring-ui/graph.json |  
2021-04-11 10:14:31.4137 | Info | --------------------------------- |  
2021-04-11 10:14:31.4137 | Info | Found solution: [7,15]: red,[2,12]: blue,[9,4]: green,[0,14]: red,[3,15]: green,[3,0]: red |  
2021-04-11 10:14:31.4137 | Info | Search time: 0 |  
2021-04-11 10:14:31.4137 | Info | Correct saved solution in file: /home/ukasz09/Documents/OneDrive/Uczelnia/Semestr_VI/SI-L/2/graph-coloring-ui/solution.json |  
2021-04-11 10:15:47.2482 | Info | Correct saved map graph in file: /home/ukasz09/Documents/OneDrive/Uczelnia/Semestr_VI/SI-L/2/graph-coloring-ui/graph.json |  
2021-04-11 10:15:47.2978 | Info | --------------------------------- |  
2021-04-11 10:15:47.2978 | Info | Found solution: [12,14]: red,[12,3]: red,[18,18]: blue,[2,1]: blue,[17,17]: green,[8,0]: red |  
2021-04-11 10:15:47.2978 | Info | Search time: 0 |  
2021-04-11 10:15:47.2978 | Info | Correct saved solution in file: /home/ukasz09/Documents/OneDrive/Uczelnia/Semestr_VI/SI-L/2/graph-coloring-ui/solution.json |  
2021-04-11 10:16:24.0423 | Info | Correct saved map graph in file: /home/ukasz09/Documents/OneDrive/Uczelnia/Semestr_VI/SI-L/2/graph-coloring-ui/graph.json |  
2021-04-11 10:16:24.0951 | Info | --------------------------------- |  
2021-04-11 10:16:24.0951 | Info | Found solution: [10,11]: red,[0,6]: red,[4,12]: blue,[2,14]: green,[2,3]: green,[18,19]: red |  
2021-04-11 10:16:24.0951 | Info | Search time: 0 |  
2021-04-11 10:16:24.0970 | Info | Correct saved solution in file: /home/ukasz09/Documents/OneDrive/Uczelnia/Semestr_VI/SI-L/2/graph-coloring-ui/solution.json |  
2021-04-11 10:17:05.6928 | Info | Correct saved map graph in file: /home/ukasz09/Documents/OneDrive/Uczelnia/Semestr_VI/SI-L/2/graph-coloring-ui/graph.json |  
2021-04-11 10:17:05.7445 | Info | --------------------------------- |  
2021-04-11 10:17:05.7445 | Info | Found solution: [2,17]: red,[13,1]: blue,[18,1]: red,[9,9]: green,[14,17]: pink,[16,0]: red |  
2021-04-11 10:17:05.7445 | Info | Search time: 0 |  
2021-04-11 10:17:05.7445 | Info | Correct saved solution in file: /home/ukasz09/Documents/OneDrive/Uczelnia/Semestr_VI/SI-L/2/graph-coloring-ui/solution.json |  
2021-04-11 10:21:02.6196 | Info | Correct saved map graph in file: /home/ukasz09/Documents/OneDrive/Uczelnia/Semestr_VI/SI-L/2/graph-coloring-ui/graph.json |  
2021-04-11 10:21:02.6685 | Info | --------------------------------- |  
2021-04-11 10:21:02.6685 | Info | Found solution: [4,11]: red,[7,8]: blue,[10,11]: red,[0,18]: blue,[5,15]: green,[1,1]: red |  
2021-04-11 10:21:02.6685 | Info | Search time: 0 |  
2021-04-11 10:21:27.0587 | Info | Correct saved map graph in file: /home/ukasz09/Documents/OneDrive/Uczelnia/Semestr_VI/SI-L/2/graph-coloring-ui/graph.json |  
2021-04-11 10:21:27.1097 | Info | --------------------------------- |  
2021-04-11 10:21:27.1097 | Info | Found solution: [14,15]: red,[9,5]: red,[15,11]: blue,[13,13]: green,[0,0]: blue,[1,12]: red |  
2021-04-11 10:21:27.1097 | Info | Search time: 0 |  
2021-04-11 10:21:48.7518 | Info | Correct saved map graph in file: /home/ukasz09/Documents/OneDrive/Uczelnia/Semestr_VI/SI-L/2/graph-coloring-ui/graph.json |  
2021-04-11 10:21:48.8008 | Info | --------------------------------- |  
2021-04-11 10:21:48.8008 | Info | Found solution: [14,12]: red,[2,4]: blue,[14,13]: green,[6,3]: green,[15,4]: blue,[17,15]: red |  
2021-04-11 10:21:48.8008 | Info | Search time: 0 |  
2021-04-11 10:21:48.8008 | Info | Correct saved solution in file: /home/ukasz09/Documents/OneDrive/Uczelnia/Semestr_VI/SI-L/2/graph-coloring-ui/solution.json |  
2021-04-11 10:22:24.3022 | Info | Correct saved map graph in file: /home/ukasz09/Documents/OneDrive/Uczelnia/Semestr_VI/SI-L/2/graph-coloring-ui/graph.json |  
2021-04-11 10:22:24.3760 | Info | --------------------------------- |  
2021-04-11 10:22:24.3762 | Info | Found solution: [5,9]: red,[7,17]: blue,[1,3]: green,[10,7]: blue,[5,4]: pink,[11,15]: red |  
2021-04-11 10:22:24.3762 | Info | Search time: 0 |  
2021-04-11 10:22:24.3762 | Info | Correct saved solution in file: /home/ukasz09/Documents/OneDrive/Uczelnia/Semestr_VI/SI-L/2/graph-coloring-ui/solution.json |  
2021-04-11 10:24:03.3374 | Info | Correct saved map graph in file: /home/ukasz09/Documents/OneDrive/Uczelnia/Semestr_VI/SI-L/2/graph-coloring-ui/graph.json |  
2021-04-11 10:24:03.3758 | Info | --------------------------------- |  
2021-04-11 10:24:03.3761 | Info | Found solution: [0,5]: red,[5,18]: blue,[0,0]: red,[17,17]: green,[14,3]: blue,[0,2]: red |  
2021-04-11 10:24:03.3761 | Info | Search time: 0 |  
2021-04-11 10:24:03.3761 | Info | Correct saved solution in file: /home/ukasz09/Documents/OneDrive/Uczelnia/Semestr_VI/SI-L/2/graph-coloring-ui/solution.json |  
2021-04-11 10:24:13.5422 | Info | Correct saved map graph in file: /home/ukasz09/Documents/OneDrive/Uczelnia/Semestr_VI/SI-L/2/graph-coloring-ui/graph.json |  
2021-04-11 10:24:13.5812 | Info | --------------------------------- |  
2021-04-11 10:24:13.5812 | Info | Found solution: [15,10]: red,[7,16]: blue,[2,7]: red,[1,3]: blue,[0,11]: green,[7,7]: red |  
2021-04-11 10:24:13.5812 | Info | Search time: 0 |  
2021-04-11 10:24:13.5812 | Info | Correct saved solution in file: /home/ukasz09/Documents/OneDrive/Uczelnia/Semestr_VI/SI-L/2/graph-coloring-ui/solution.json |  
2021-04-11 10:26:35.5091 | Info | Correct saved map graph in file: /home/ukasz09/Documents/OneDrive/Uczelnia/Semestr_VI/SI-L/2/graph-coloring-ui/graph.json |  
2021-04-11 10:26:35.5587 | Info | --------------------------------- |  
2021-04-11 10:26:35.5587 | Info | Found solution: [19,14]: red,[18,9]: blue,[3,14]: red,[19,5]: green,[4,1]: pink,[17,17]: red |  
2021-04-11 10:26:35.5587 | Info | Search time: 0 |  
2021-04-11 10:26:35.5608 | Info | Correct saved solution in file: /home/ukasz09/Documents/OneDrive/Uczelnia/Semestr_VI/SI-L/2/graph-coloring-ui/solution.json |  
2021-04-11 10:28:25.7642 | Info | Correct saved map graph in file: /home/ukasz09/Documents/OneDrive/Uczelnia/Semestr_VI/SI-L/2/graph-coloring-ui/graph.json |  
2021-04-11 10:28:25.8184 | Info | --------------------------------- |  
2021-04-11 10:28:25.8184 | Info | Found solution: [8,1]: red,[15,11]: blue,[10,19]: green,[11,17]: red,[17,7]: green,[11,11]: red |  
2021-04-11 10:28:25.8184 | Info | Search time: 0 |  
2021-04-11 10:28:25.8205 | Info | Correct saved solution in file: /home/ukasz09/Documents/OneDrive/Uczelnia/Semestr_VI/SI-L/2/graph-coloring-ui/solution.json |  
2021-04-11 10:29:37.7598 | Info | Correct saved map graph in file: /home/ukasz09/Documents/OneDrive/Uczelnia/Semestr_VI/SI-L/2/graph-coloring-ui/graph.json |  
2021-04-11 10:29:37.8095 | Info | --------------------------------- |  
2021-04-11 10:29:37.8095 | Info | Found solution: [8,2]: red,[0,15]: blue,[5,18]: green,[12,18]: blue,[3,19]: red,[5,7]: red |  
2021-04-11 10:29:37.8095 | Info | Search time: 0 |  
2021-04-11 10:29:37.8095 | Info | Correct saved solution in file: /home/ukasz09/Documents/OneDrive/Uczelnia/Semestr_VI/SI-L/2/graph-coloring-ui/solution.json |  
2021-04-11 10:30:19.6229 | Info | Correct saved map graph in file: /home/ukasz09/Documents/OneDrive/Uczelnia/Semestr_VI/SI-L/2/graph-coloring-ui/graph.json |  
2021-04-11 10:30:19.6768 | Info | --------------------------------- |  
2021-04-11 10:30:19.6768 | Info | Found solution: [4,1]: red,[0,6]: blue,[9,6]: green,[17,2]: blue,[13,16]: red,[8,8]: red |  
2021-04-11 10:30:19.6768 | Info | Search time: 0 |  
2021-04-11 10:30:19.6805 | Info | Correct saved solution in file: /home/ukasz09/Documents/OneDrive/Uczelnia/Semestr_VI/SI-L/2/graph-coloring-ui/solution.json |  
2021-04-11 10:31:05.6715 | Info | Correct saved map graph in file: /home/ukasz09/Documents/OneDrive/Uczelnia/Semestr_VI/SI-L/2/graph-coloring-ui/graph.json |  
2021-04-11 10:31:05.7316 | Info | --------------------------------- |  
2021-04-11 10:31:05.7316 | Info | Found solution: [8,10]: red,[15,4]: blue,[7,15]: blue,[3,10]: green,[1,19]: pink,[12,9]: red |  
2021-04-11 10:31:05.7321 | Info | Search time: 0 |  
2021-04-11 10:31:05.7321 | Info | Correct saved solution in file: /home/ukasz09/Documents/OneDrive/Uczelnia/Semestr_VI/SI-L/2/graph-coloring-ui/solution.json |  
2021-04-11 14:49:54.2217 | Info | Correct saved map graph in file: /home/ukasz09/Documents/OneDrive/Uczelnia/Semestr_VI/SI-L/2/graph-coloring-ui/graph.json |  
2021-04-11 14:49:54.2750 | Info | --------------------------------- |  
2021-04-11 14:49:54.2753 | Info | Found solution: [10,14]: red,[1,1]: red,[15,3]: blue,[19,4]: red,[19,11]: green,[8,12]: red |  
2021-04-11 14:49:54.2753 | Info | Search time: 0 |  
2021-04-11 14:49:54.2753 | Info | Correct saved solution in file: /home/ukasz09/Documents/OneDrive/Uczelnia/Semestr_VI/SI-L/2/graph-coloring-ui/solution.json |  
2021-04-11 14:52:26.8438 | Info | Correct saved map graph in file: /home/ukasz09/Documents/OneDrive/Uczelnia/Semestr_VI/SI-L/2/graph-coloring-ui/graph.json |  
2021-04-11 14:53:15.8749 | Info | Correct saved map graph in file: /home/ukasz09/Documents/OneDrive/Uczelnia/Semestr_VI/SI-L/2/graph-coloring-ui/graph.json |  
2021-04-11 15:03:38.2861 | Info | Correct saved map graph in file: /home/ukasz09/Documents/OneDrive/Uczelnia/Semestr_VI/SI-L/2/graph-coloring-ui/graph.json |  
2021-04-11 15:06:36.1549 | Info | Correct saved map graph in file: /home/ukasz09/Documents/OneDrive/Uczelnia/Semestr_VI/SI-L/2/graph-coloring-ui/graph.json |  
2021-04-11 15:14:46.4876 | Info | Correct saved map graph in file: /home/ukasz09/Documents/OneDrive/Uczelnia/Semestr_VI/SI-L/2/graph-coloring-ui/graph.json |  
2021-04-11 15:17:32.0920 | Info | Correct saved map graph in file: /home/ukasz09/Documents/OneDrive/Uczelnia/Semestr_VI/SI-L/2/graph-coloring-ui/graph.json |  
2021-04-11 15:17:32.1384 | Info | --------------------------------- |  
2021-04-11 15:17:32.1384 | Info | Found solution: [8,3]: red,[5,0]: blue,[14,3]: green,[1,6]: green,[5,12]: blue,[8,9]: red |  
2021-04-11 15:17:32.1384 | Info | Search time: 4 |  
2021-04-11 15:17:32.1405 | Info | Correct saved solution in file: /home/ukasz09/Documents/OneDrive/Uczelnia/Semestr_VI/SI-L/2/graph-coloring-ui/solution.json |  
2021-04-11 15:18:12.1298 | Info | Correct saved map graph in file: /home/ukasz09/Documents/OneDrive/Uczelnia/Semestr_VI/SI-L/2/graph-coloring-ui/graph.json |  
2021-04-11 15:20:27.3538 | Info | Correct saved map graph in file: /home/ukasz09/Documents/OneDrive/Uczelnia/Semestr_VI/SI-L/2/graph-coloring-ui/graph.json |  
